<?xml version="1.0" encoding="UTF-8"?>
<testng-results ignored="0" total="1" passed="1" failed="0" skipped="0">
  <reporter-output>
  </reporter-output>
  <suite started-at="2022-01-22T23:27:50 BDT" name="Default suite" finished-at="2022-01-22T23:28:20 BDT" duration-ms="29895">
    <groups>
    </groups>
    <test started-at="2022-01-22T23:27:50 BDT" name="Default test" finished-at="2022-01-22T23:28:20 BDT" duration-ms="29895">
      <class name="testcases.Ecommerce">
        <test-method signature="mySecondTest()[pri:0, instance:testcases.Ecommerce@1b1426f4]" started-at="2022-01-22T23:27:50 BDT" name="mySecondTest" finished-at="2022-01-22T23:28:20 BDT" duration-ms="29861" status="PASS">
          <reporter-output>
          </reporter-output>
        </test-method> <!-- mySecondTest -->
      </class> <!-- testcases.Ecommerce -->
    </test> <!-- Default test -->
  </suite> <!-- Default suite -->
</testng-results>
